Vivado Simulator 2018.3
Copyright 1986-1999, 2001-2018 Xilinx, Inc. All Rights Reserved.
Running: /tools/Xilinx/Vivado/2018.3/bin/unwrapped/lnx64.o/xelab -wto 8de8692e6f7648c084645fde77f29b66 --incr --debug typical --relax --mt 8 -L blk_mem_gen_v8_4_2 -L xil_defaultlib -L unisims_ver -L unimacro_ver -L secureip -L xpm --snapshot tb_top_behav xil_defaultlib.tb_top xil_defaultlib.glbl -log elaborate.log 
Using 8 slave threads.
Starting static elaboration
WARNING: [VRFC 10-3091] actual bit length 1 differs from formal bit length 5 for port 'WB_wdest' [/home/misukee/repositories/MIPS_CPU/wyy/lab3/ucas_CDE_v0.3_20180730/mycpu/run_vivado/mycpu_prj1/mycpu.srcs/sources_1/new/mycpu_top.v:269]
Completed static elaboration
Starting simulation data flow analysis
Completed simulation data flow analysis
Time Resolution for simulation is 1ps
Compiling module unisims_ver.IBUF
Compiling module unisims_ver.PLLE2_ADV(CLKFBOUT_MULT=9,CLKIN1...
Compiling module unisims_ver.BUFG
Compiling module xil_defaultlib.clk_pll_clk_wiz
Compiling module xil_defaultlib.clk_pll
Compiling module xil_defaultlib.fetch
Compiling module xil_defaultlib.decode
Compiling module xil_defaultlib.adder
Compiling module xil_defaultlib.alu
Compiling module xil_defaultlib.multiply
Compiling module xil_defaultlib.exe
Compiling module xil_defaultlib.mem
Compiling module xil_defaultlib.wb
Compiling module xil_defaultlib.regfile
Compiling module xil_defaultlib.mycpu_top
Compiling module blk_mem_gen_v8_4_2.blk_mem_gen_v8_4_2_output_stage(...
Compiling module blk_mem_gen_v8_4_2.blk_mem_gen_v8_4_2_output_stage(...
Compiling module blk_mem_gen_v8_4_2.blk_mem_gen_v8_4_2_softecc_outpu...
Compiling module blk_mem_gen_v8_4_2.blk_mem_gen_v8_4_2_mem_module(C_...
Compiling module blk_mem_gen_v8_4_2.blk_mem_gen_v8_4_2(C_FAMILY="art...
Compiling module xil_defaultlib.inst_ram
Compiling module xil_defaultlib.bridge_1x2
Compiling module blk_mem_gen_v8_4_2.blk_mem_gen_v8_4_2_output_stage(...
Compiling module blk_mem_gen_v8_4_2.blk_mem_gen_v8_4_2_output_stage(...
Compiling module blk_mem_gen_v8_4_2.blk_mem_gen_v8_4_2_softecc_outpu...
Compiling module blk_mem_gen_v8_4_2.blk_mem_gen_v8_4_2_mem_module(C_...
Compiling module blk_mem_gen_v8_4_2.blk_mem_gen_v8_4_2(C_FAMILY="art...
Compiling module xil_defaultlib.data_ram
Compiling module xil_defaultlib.confreg(SIMULATION=1'b1)
Compiling module xil_defaultlib.soc_lite_top(SIMULATION=1'b1)
Compiling module xil_defaultlib.tb_top
WARNING: [XSIM 43-3373] "/home/misukee/repositories/MIPS_CPU/wyy/lab3/ucas_CDE_v0.3_20180730/mycpu/testbench/mycpu_tb.v" Line 128. System function $fscanf is used as system task. This system function should have a LHS e.g. x=$fscanf().
Compiling module xil_defaultlib.glbl
Built simulation snapshot tb_top_behav
